0 info it worked if it ends with ok
1 verbose cli [ '/usr/bin/node', '/usr/bin/npm', 'install' ]
2 info using npm@1.4.28
3 info using node@v0.10.33
4 verbose node symlink /usr/bin/node
5 verbose readDependencies using package.json deps
6 verbose install where, deps [ '/home/hugoadmin/sanjay/json1/nodeApp',
6 verbose install   [ 'express', 'jade', 'mysql' ] ]
7 info preinstall nodeApp@0.0.1
8 verbose readDependencies using package.json deps
9 verbose already installed skipping jade@* /home/hugoadmin/sanjay/json1/nodeApp
10 verbose cache add [ 'mysql@*', null ]
11 verbose cache add name=undefined spec="mysql@*" args=["mysql@*",null]
12 verbose parsed url { protocol: null,
12 verbose parsed url   slashes: null,
12 verbose parsed url   auth: null,
12 verbose parsed url   host: null,
12 verbose parsed url   port: null,
12 verbose parsed url   hostname: null,
12 verbose parsed url   hash: null,
12 verbose parsed url   search: null,
12 verbose parsed url   query: null,
12 verbose parsed url   pathname: 'mysql@*',
12 verbose parsed url   path: 'mysql@*',
12 verbose parsed url   href: 'mysql@*' }
13 verbose cache add name="mysql" spec="*" args=["mysql","*"]
14 verbose parsed url { protocol: null,
14 verbose parsed url   slashes: null,
14 verbose parsed url   auth: null,
14 verbose parsed url   host: null,
14 verbose parsed url   port: null,
14 verbose parsed url   hostname: null,
14 verbose parsed url   hash: null,
14 verbose parsed url   search: null,
14 verbose parsed url   query: null,
14 verbose parsed url   pathname: '*',
14 verbose parsed url   path: '*',
14 verbose parsed url   href: '*' }
15 verbose addNamed [ 'mysql', '*' ]
16 verbose addNamed [ null, '*' ]
17 verbose already installed skipping express@3.2.6 /home/hugoadmin/sanjay/json1/nodeApp
18 silly lockFile 68913812-mysql mysql@*
19 verbose lock mysql@* /home/hugoadmin/.npm/68913812-mysql.lock
20 silly addNameRange { name: 'mysql', range: '*', hasData: false }
21 verbose request where is /mysql
22 verbose request registry http://registry.npmjs.org/
23 verbose request id 95801975db68121f
24 verbose url raw /mysql
25 verbose url resolving [ 'http://registry.npmjs.org/', './mysql' ]
26 verbose url resolved http://registry.npmjs.org/mysql
27 verbose request where is http://registry.npmjs.org/mysql
28 info trying registry request attempt 1 at 14:07:15
29 verbose etag "91V97TL5T3NS0L9L8N7VN77UX"
30 http GET http://registry.npmjs.org/mysql
31 http 200 http://registry.npmjs.org/mysql
32 silly registry.get cb [ 200,
32 silly registry.get   { server: 'CouchDB/1.5.0 (Erlang OTP/R16B03)',
32 silly registry.get     etag: '"AMNE5266O9CM7X5G2Z828F6ZI"',
32 silly registry.get     'content-type': 'application/json',
32 silly registry.get     'cache-control': 'max-age=60',
32 silly registry.get     'content-length': '100272',
32 silly registry.get     'accept-ranges': 'bytes',
32 silly registry.get     date: 'Wed, 17 Dec 2014 08:37:17 GMT',
32 silly registry.get     via: '1.1 varnish',
32 silly registry.get     age: '0',
32 silly registry.get     connection: 'keep-alive',
32 silly registry.get     'x-served-by': 'cache-sn88-SIN',
32 silly registry.get     'x-cache': 'HIT',
32 silly registry.get     'x-cache-hits': '1',
32 silly registry.get     'x-timer': 'S1418805436.135632,VS0,VE1050',
32 silly registry.get     vary: 'Accept' } ]
33 silly addNameRange number 2 { name: 'mysql', range: '*', hasData: true }
34 silly addNameRange versions [ 'mysql',
34 silly addNameRange   [ '0.1.0',
34 silly addNameRange     '0.2.0',
34 silly addNameRange     '0.3.0',
34 silly addNameRange     '0.4.0',
34 silly addNameRange     '0.5.0',
34 silly addNameRange     '0.6.0',
34 silly addNameRange     '0.7.0',
34 silly addNameRange     '0.8.0',
34 silly addNameRange     '0.9.0',
34 silly addNameRange     '0.9.1',
34 silly addNameRange     '0.9.2',
34 silly addNameRange     '0.9.3',
34 silly addNameRange     '0.9.4',
34 silly addNameRange     '0.9.5',
34 silly addNameRange     '0.9.6',
34 silly addNameRange     '2.0.0-alpha',
34 silly addNameRange     '2.0.0-alpha2',
34 silly addNameRange     '2.0.0-alpha3',
34 silly addNameRange     '2.0.0-alpha4',
34 silly addNameRange     '2.0.0-alpha5',
34 silly addNameRange     '2.0.0-alpha6',
34 silly addNameRange     '2.0.0-alpha7',
34 silly addNameRange     '2.0.0-alpha8',
34 silly addNameRange     '2.0.0-alpha9',
34 silly addNameRange     '2.0.0-rc1',
34 silly addNameRange     '2.0.0-rc2',
34 silly addNameRange     '2.0.0',
34 silly addNameRange     '2.0.1',
34 silly addNameRange     '2.1.0',
34 silly addNameRange     '2.1.1',
34 silly addNameRange     '2.2.0',
34 silly addNameRange     '2.3.0',
34 silly addNameRange     '2.3.1',
34 silly addNameRange     '2.3.2',
34 silly addNameRange     '2.4.0',
34 silly addNameRange     '2.4.1',
34 silly addNameRange     '2.4.2',
34 silly addNameRange     '2.4.3',
34 silly addNameRange     '2.5.0',
34 silly addNameRange     '2.5.1',
34 silly addNameRange     '2.5.2',
34 silly addNameRange     '2.5.3',
34 silly addNameRange     '2.5.4' ] ]
35 verbose addNamed [ 'mysql', '2.5.4' ]
36 verbose addNamed [ '2.5.4', '2.5.4' ]
37 silly lockFile ab38f2ba-mysql-2-5-4 mysql@2.5.4
38 verbose lock mysql@2.5.4 /home/hugoadmin/.npm/ab38f2ba-mysql-2-5-4.lock
39 silly lockFile 3792d5c1--npmjs-org-mysql-mysql-2-5-4-tgz http://registry.npmjs.org/mysql/-/mysql-2.5.4.tgz
40 verbose lock http://registry.npmjs.org/mysql/-/mysql-2.5.4.tgz /home/hugoadmin/.npm/3792d5c1--npmjs-org-mysql-mysql-2-5-4-tgz.lock
41 verbose addRemoteTarball [ 'http://registry.npmjs.org/mysql/-/mysql-2.5.4.tgz',
41 verbose addRemoteTarball   '9f5675fdba3f18a08275d01107b68b56038c6c99' ]
42 info retry fetch attempt 1 at 14:07:17
43 verbose fetch to= /tmp/npm-5682-vNzn-ULN/registry.npmjs.org/mysql/-/mysql-2.5.4.tgz
44 http GET http://registry.npmjs.org/mysql/-/mysql-2.5.4.tgz
45 http 200 http://registry.npmjs.org/mysql/-/mysql-2.5.4.tgz
46 silly lockFile 3792d5c1--npmjs-org-mysql-mysql-2-5-4-tgz http://registry.npmjs.org/mysql/-/mysql-2.5.4.tgz
47 silly lockFile 3792d5c1--npmjs-org-mysql-mysql-2-5-4-tgz http://registry.npmjs.org/mysql/-/mysql-2.5.4.tgz
48 silly lockFile ab38f2ba-mysql-2-5-4 mysql@2.5.4
49 silly lockFile ab38f2ba-mysql-2-5-4 mysql@2.5.4
50 silly lockFile 68913812-mysql mysql@*
51 silly lockFile 68913812-mysql mysql@*
52 error Error: EACCES, mkdir '/home/hugoadmin/.npm/mysql/2.5.4'
52 error  { [Error: EACCES, mkdir '/home/hugoadmin/.npm/mysql/2.5.4']
52 error   errno: 3,
52 error   code: 'EACCES',
52 error   path: '/home/hugoadmin/.npm/mysql/2.5.4',
52 error   parent: 'nodeApp' }
53 error Please try running this command again as root/Administrator.
54 error System Linux 3.13.0-40-generic
55 error command "/usr/bin/node" "/usr/bin/npm" "install"
56 error cwd /home/hugoadmin/sanjay/json1/nodeApp
57 error node -v v0.10.33
58 error npm -v 1.4.28
59 error path /home/hugoadmin/.npm/mysql/2.5.4
60 error code EACCES
61 error errno 3
62 error stack Error: EACCES, mkdir '/home/hugoadmin/.npm/mysql/2.5.4'
63 verbose exit [ 3, true ]
